\BOOKMARK [0][-]{chapter.1}{序論}{}% 1
\BOOKMARK [1][-]{section.1.1}{動機と問題意識}{chapter.1}% 2
\BOOKMARK [1][-]{section.1.2}{メディアアートをどう考察するべきか？}{chapter.1}% 3
\BOOKMARK [1][-]{section.1.3}{メディア考古学という学問アプローチ}{chapter.1}% 4
\BOOKMARK [1][-]{section.1.4}{本論考の構成}{chapter.1}% 5
\BOOKMARK [0][-]{chapter.2}{音響遅延線という装置について}{}% 6
\BOOKMARK [1][-]{section.2.1}{概要}{chapter.2}% 7
\BOOKMARK [1][-]{section.2.2}{技術解説}{chapter.2}% 8
\BOOKMARK [1][-]{section.2.3}{誕生から淘汰されるまでの時代の技術的移り変わり}{chapter.2}% 9
\BOOKMARK [0][-]{chapter.3}{作品概要}{}% 10
\BOOKMARK [1][-]{section.3.1}{前作品「Acoustic Delay \(⇔\) Memory」について}{chapter.3}% 11
\BOOKMARK [1][-]{section.3.2}{送れ|遅れ/post|pastの解説}{chapter.3}% 12
\BOOKMARK [1][-]{section.3.3}{比較と考察}{chapter.3}% 13
\BOOKMARK [0][-]{chapter.4}{制作手順と技術的解説}{}% 14
\BOOKMARK [1][-]{section.4.1}{実際の制作スケジュール}{chapter.4}% 15
\BOOKMARK [1][-]{section.4.2}{制作に用いられた技術}{chapter.4}% 16
\BOOKMARK [0][-]{chapter.5}{メディア考古学的メディアアート制作}{}% 17
\BOOKMARK [1][-]{section.5.1}{メディア考古学とは}{chapter.5}% 18
\BOOKMARK [1][-]{section.5.2}{デジタル記憶装置はメディア考古学で掘れるのか}{chapter.5}% 19
\BOOKMARK [1][-]{section.5.3}{聴覚、音響再生産文化から見る音響遅延線}{chapter.5}% 20
\BOOKMARK [0][-]{chapter.6}{メディア考古学的メディアアート考察}{}% 21
\BOOKMARK [1][-]{section.6.1}{メディアアートと呼ばれるモノとの交わり}{chapter.6}% 22
\BOOKMARK [1][-]{section.6.2}{メディアアート史における本作品の立ち位置}{chapter.6}% 23
\BOOKMARK [0][-]{chapter.7}{まとめ}{}% 24
\BOOKMARK [1][-]{section.7.1}{結び}{chapter.7}% 25
\BOOKMARK [0][-]{chapter*.2}{参考文献}{}% 26
